[2023-04-16 12:07:52] Текст ошибки: Class "mysql_xdevapi\Exception" not found | Файл: /opt/lampp/htdocs/framework/public/index.php | Строка: 12
=================
[2023-04-16 12:07:52] Текст ошибки: Undefined variable $errno | Файл: /opt/lampp/htdocs/framework/public/errors/development.php | Строка: 20
=================
[2023-04-16 12:09:07] Текст ошибки: Возникла ошибочка | Файл: /opt/lampp/htdocs/framework/public/index.php | Строка: 12
=================
[2023-04-16 12:09:07] Текст ошибки: Undefined variable $errno | Файл: /opt/lampp/htdocs/framework/public/errors/development.php | Строка: 20
=================
[2023-04-16 12:09:55] Текст ошибки: Возникла ошибочка | Файл: /opt/lampp/htdocs/framework/public/index.php | Строка: 12
=================
[2023-04-16 12:11:21] Текст ошибки: Возникла ошибочка | Файл: /opt/lampp/htdocs/framework/public/index.php | Строка: 12
=================
[2023-04-16 12:11:21] Текст ошибки: Undefined variable $errno | Файл: /opt/lampp/htdocs/framework/public/errors/development.php | Строка: 20
=================
[2023-04-16 12:11:22] Текст ошибки: Возникла ошибочка | Файл: /opt/lampp/htdocs/framework/public/index.php | Строка: 12
=================
[2023-04-16 12:11:22] Текст ошибки: Undefined variable $errno | Файл: /opt/lampp/htdocs/framework/public/errors/development.php | Строка: 20
=================
[2023-04-16 12:15:58] Текст ошибки: Возникла ошибочка | Файл: /opt/lampp/htdocs/framework/public/index.php | Строка: 12
=================
[2023-04-16 12:15:58] Текст ошибки: Undefined variable $errno | Файл: /opt/lampp/htdocs/framework/public/errors/development.php | Строка: 20
=================
[2023-04-16 12:15:58] Текст ошибки: Возникла ошибочка | Файл: /opt/lampp/htdocs/framework/public/index.php | Строка: 12
=================
[2023-04-16 12:15:58] Текст ошибки: Undefined variable $errno | Файл: /opt/lampp/htdocs/framework/public/errors/development.php | Строка: 20
=================
[2023-04-16 12:15:58] Текст ошибки: Возникла ошибочка | Файл: /opt/lampp/htdocs/framework/public/index.php | Строка: 12
=================
[2023-04-16 12:15:58] Текст ошибки: Undefined variable $errno | Файл: /opt/lampp/htdocs/framework/public/errors/development.php | Строка: 20
=================
[2023-04-16 12:15:58] Текст ошибки: Возникла ошибочка | Файл: /opt/lampp/htdocs/framework/public/index.php | Строка: 12
=================
[2023-04-16 12:15:58] Текст ошибки: Undefined variable $errno | Файл: /opt/lampp/htdocs/framework/public/errors/development.php | Строка: 20
=================
[2023-04-16 12:15:59] Текст ошибки: Возникла ошибочка | Файл: /opt/lampp/htdocs/framework/public/index.php | Строка: 12
=================
[2023-04-16 12:15:59] Текст ошибки: Undefined variable $errno | Файл: /opt/lampp/htdocs/framework/public/errors/development.php | Строка: 20
=================
[2023-04-16 12:15:59] Текст ошибки: Возникла ошибочка | Файл: /opt/lampp/htdocs/framework/public/index.php | Строка: 12
=================
[2023-04-16 12:15:59] Текст ошибки: Undefined variable $errno | Файл: /opt/lampp/htdocs/framework/public/errors/development.php | Строка: 20
=================
[2023-04-16 12:17:00] Текст ошибки: Возникла ошибочка | Файл: /opt/lampp/htdocs/framework/public/index.php | Строка: 12
=================
[2023-04-16 12:29:35] Текст ошибки: Возникла ошибочка | Файл: /opt/lampp/htdocs/framework/public/index.php | Строка: 12
=================
[2023-04-16 12:30:44] Текст ошибки: Возникла ошибочка | Файл: /opt/lampp/htdocs/framework/public/index.php | Строка: 12
=================
[2023-04-16 12:30:49] Текст ошибки: Undefined variable $test | Файл: /opt/lampp/htdocs/framework/public/index.php | Строка: 12
=================
[2023-04-16 12:31:26] Текст ошибки: Undefined variable $test | Файл: /opt/lampp/htdocs/framework/public/index.php | Строка: 12
=================
[2023-04-16 12:31:53] Текст ошибки: Возникла ошибочка | Файл: /opt/lampp/htdocs/framework/public/index.php | Строка: 12
=================
[2023-04-18 11:38:56] Текст ошибки: Возникла ошибочка | Файл: /opt/lampp/htdocs/framework/public/index.php | Строка: 12
=================
[2023-04-18 11:38:59] Текст ошибки: Возникла ошибочка | Файл: /opt/lampp/htdocs/framework/public/index.php | Строка: 12
=================
[2023-04-18 11:39:00] Текст ошибки: Возникла ошибочка | Файл: /opt/lampp/htdocs/framework/public/index.php | Строка: 12
=================
[2023-04-18 11:39:00] Текст ошибки: Возникла ошибочка | Файл: /opt/lampp/htdocs/framework/public/index.php | Строка: 12
=================
[2023-04-18 11:39:06] Текст ошибки: Возникла ошибочка | Файл: /opt/lampp/htdocs/framework/public/index.php | Строка: 12
=================
[2023-04-18 11:39:07] Текст ошибки: Возникла ошибочка | Файл: /opt/lampp/htdocs/framework/public/index.php | Строка: 12
=================
[2023-04-18 11:39:12] Текст ошибки: Возникла ошибочка | Файл: /opt/lampp/htdocs/framework/public/index.php | Строка: 12
=================
[2023-04-18 11:39:15] Текст ошибки: Возникла ошибочка | Файл: /opt/lampp/htdocs/framework/public/index.php | Строка: 12
=================
[2023-04-18 11:39:19] Текст ошибки: Возникла ошибочка | Файл: /opt/lampp/htdocs/framework/public/index.php | Строка: 12
=================
[2023-04-18 11:39:20] Текст ошибки: Возникла ошибочка | Файл: /opt/lampp/htdocs/framework/public/index.php | Строка: 12
=================
[2023-04-18 11:39:40] Текст ошибки: Возникла ошибочка | Файл: /opt/lampp/htdocs/framework/public/index.php | Строка: 12
=================
[2023-04-18 11:39:42] Текст ошибки: Возникла ошибочка | Файл: /opt/lampp/htdocs/framework/public/index.php | Строка: 12
=================
[2023-04-18 11:39:42] Текст ошибки: Возникла ошибочка | Файл: /opt/lampp/htdocs/framework/public/index.php | Строка: 12
=================
[2023-04-18 11:39:43] Текст ошибки: Возникла ошибочка | Файл: /opt/lampp/htdocs/framework/public/index.php | Строка: 12
=================
[2023-04-18 11:42:00] Текст ошибки: Возникла ошибочка | Файл: /opt/lampp/htdocs/framework/public/index.php | Строка: 12
=================
[2023-04-18 11:42:04] Текст ошибки: Возникла ошибочка | Файл: /opt/lampp/htdocs/framework/public/index.php | Строка: 12
=================
[2023-04-18 11:42:07] Текст ошибки: Возникла ошибочка | Файл: /opt/lampp/htdocs/framework/public/index.php | Строка: 12
=================
[2023-04-18 11:42:27] Текст ошибки: Возникла ошибочка | Файл: /opt/lampp/htdocs/framework/public/index.php | Строка: 12
=================
[2023-04-19 12:56:42] Текст ошибки: Контроллер app\controllers\MainController не найден | Файл: /opt/lampp/htdocs/framework/vendor/core/Router.php | Строка: 37
=================
[2023-04-19 13:00:14] Текст ошибки: Контроллер app\controllers\MainController не найден | Файл: /opt/lampp/htdocs/framework/vendor/core/Router.php | Строка: 40
=================
[2023-04-19 13:00:35] Текст ошибки: Контроллер app\controllers\MainController не найден | Файл: /opt/lampp/htdocs/framework/vendor/core/Router.php | Строка: 40
=================
[2023-04-19 13:00:58] Текст ошибки: Контроллер app\controllers\MainController не найден | Файл: /opt/lampp/htdocs/framework/vendor/core/Router.php | Строка: 40
=================
[2023-04-19 13:02:28] Текст ошибки: Контроллер app\controllers\MainController не найден | Файл: /opt/lampp/htdocs/framework/vendor/core/Router.php | Строка: 38
=================
[2023-04-19 13:02:28] Текст ошибки: Контроллер app\controllers\MainController не найден | Файл: /opt/lampp/htdocs/framework/vendor/core/Router.php | Строка: 38
=================
[2023-04-19 13:03:18] Текст ошибки: Метод app\controllers\MainController::indexAction не найден | Файл: /opt/lampp/htdocs/framework/vendor/core/Router.php | Строка: 35
=================
[2023-04-19 13:06:08] Текст ошибки: Контроллер app\controllers\PageController не найден | Файл: /opt/lampp/htdocs/framework/vendor/core/Router.php | Строка: 38
=================
[2023-04-19 13:06:42] Текст ошибки: Метод app\controllers\PageController::wievAction не найден | Файл: /opt/lampp/htdocs/framework/vendor/core/Router.php | Строка: 35
=================
[2023-04-19 13:06:48] Текст ошибки: Метод app\controllers\PageController::viewAction не найден | Файл: /opt/lampp/htdocs/framework/vendor/core/Router.php | Строка: 35
=================
[2023-04-19 13:09:15] Текст ошибки: Метод app\controllers\admin\MainController::indexAction не найден | Файл: /opt/lampp/htdocs/framework/vendor/core/Router.php | Строка: 35
=================
[2023-04-19 18:40:53] Текст ошибки: Typed property core\Controller::$model must not be accessed before initialization | Файл: /opt/lampp/htdocs/framework/app/controllers/MainController.php | Строка: 12
=================
[2023-04-19 18:49:29] Текст ошибки: syntax error, unexpected token "new" | Файл: /opt/lampp/htdocs/framework/vendor/core/View.php | Строка: 31
=================
[2023-04-19 18:49:53] Текст ошибки: Не найдеен вид /opt/lampp/htdocs/framework/app/views/Main/index.php | Файл: /opt/lampp/htdocs/framework/vendor/core/View.php | Строка: 31
=================
[2023-04-19 18:50:40] Текст ошибки: Не найден вид /opt/lampp/htdocs/framework/app/views/Main/index.php | Файл: /opt/lampp/htdocs/framework/vendor/core/View.php | Строка: 31
=================
[2023-04-19 18:51:13] Текст ошибки: Не найден вид /opt/lampp/htdocs/framework/app/views/Main/index.php | Файл: /opt/lampp/htdocs/framework/vendor/core/View.php | Строка: 31
=================
[2023-04-19 18:59:07] Текст ошибки: Не найден шаблон /opt/lampp/htdocs/framework/app/views/layouts/framework.php | Файл: /opt/lampp/htdocs/framework/vendor/core/View.php | Строка: 41
=================
[2023-04-19 19:00:18] Текст ошибки: Не найден шаблон /opt/lampp/htdocs/framework/app/views/layouts/test.php | Файл: /opt/lampp/htdocs/framework/vendor/core/View.php | Строка: 41
=================
[2023-04-19 19:02:46] Текст ошибки: Не найден шаблон /opt/lampp/htdocs/framework/app/views/layouts/framework.php | Файл: /opt/lampp/htdocs/framework/vendor/core/View.php | Строка: 41
=================
[2023-04-20 10:58:25] Текст ошибки: Call to undefined function core\h() | Файл: /opt/lampp/htdocs/framework/vendor/core/View.php | Строка: 49
=================
[2023-04-20 11:06:49] Текст ошибки: Undefined variable $test | Файл: /opt/lampp/htdocs/framework/app/views/Main/index.php | Строка: 3
=================
[2023-04-20 11:06:54] Текст ошибки: Undefined variable $test | Файл: /opt/lampp/htdocs/framework/app/views/Main/index.php | Строка: 3
=================
[2023-04-20 11:08:40] Текст ошибки: Call to undefined method app\controllers\MainController::set() | Файл: /opt/lampp/htdocs/framework/app/controllers/MainController.php | Строка: 13
=================
[2023-04-20 11:14:13] Текст ошибки: Undefined variable $test | Файл: /opt/lampp/htdocs/framework/app/views/Main/index.php | Строка: 3
=================
[2023-04-20 11:56:26] Текст ошибки: Undefined array key "dns" | Файл: /opt/lampp/htdocs/framework/vendor/core/db/Db.php | Строка: 15
=================
[2023-04-20 15:37:58] Текст ошибки: SQLSTATE[42000]: Syntax error or access violation: 1064 You have an error in your SQL syntax; check the manual that corresponds to your MariaDB server version for the right syntax to use near 'WHERE id = 2' at line 1 | Файл: /opt/lampp/htdocs/framework/vendor/gabordemooij/redbean/RedBeanPHP/Driver/RPDO.php | Строка: 206
=================
